<?xml version="1.0" encoding="UTF-8"?>
<testsuite xmlns:xsi="http://www.w3.org/2001/XMLSchema-instance" xsi:noNamespaceSchemaLocation="https://maven.apache.org/surefire/maven-surefire-plugin/xsd/surefire-test-report.xsd" name="sample.jetty.SampleJettyApplicationTests" time="10.671" tests="2" errors="0" skipped="0" failures="0">
  <properties>
[...]
</properties>
  <testcase name="testHome" classname="sample.jetty.SampleJettyApplicationTests" time="0.751"/>
  <testcase name="testCompression" classname="sample.jetty.SampleJettyApplicationTests" time="0.032"/>
</testsuite>